Added Pin To Net: NetName=NetC1_1 Pin=C1-1
Added Pin To Net: NetName=NetC1_1 Pin=IC1-3
Added Pin To Net: NetName=NetC1_1 Pin=IC2-7
Added Pin To Net: NetName=NetC1_1 Pin=IC2-8
Added Pin To Net: NetName=NetC1_1 Pin=R1-1
Added Net: Name=NetC1_1
Added Pin To Net: NetName=NetC1_2 Pin=C1-2
Added Pin To Net: NetName=NetC1_2 Pin=C4-2
Added Pin To Net: NetName=NetC1_2 Pin=IC1-4
Added Pin To Net: NetName=NetC1_2 Pin=R4-1
Added Pin To Net: NetName=NetC1_2 Pin=R6-2
Added Net: Name=NetC1_2
Added Pin To Net: NetName=NetC2_1 Pin=C2-1
Added Pin To Net: NetName=NetC2_1 Pin=D5-2
Added Pin To Net: NetName=NetC2_1 Pin=IC2-5
Added Pin To Net: NetName=NetC2_1 Pin=IC2-6
Added Pin To Net: NetName=NetC2_1 Pin=R3-1
Added Net: Name=NetC2_1
Added Pin To Net: NetName=NetC2_2 Pin=C2-2
Added Pin To Net: NetName=NetC2_2 Pin=IC2-3
Added Pin To Net: NetName=NetC2_2 Pin=R3-2
Added Pin To Net: NetName=NetC2_2 Pin=R4-2
Added Net: Name=NetC2_2
Added Pin To Net: NetName=NetC3_1 Pin=C3-1
Added Pin To Net: NetName=NetC3_1 Pin=IC2-4
Added Net: Name=NetC3_1
Added Pin To Net: NetName=NetC3_2 Pin=C3-2
Added Pin To Net: NetName=NetC3_2 Pin=R2-2
Added Net: Name=NetC3_2
Added Pin To Net: NetName=NetC4_1 Pin=C4-1
Added Pin To Net: NetName=NetC4_1 Pin=R5-2
Added Pin To Net: NetName=NetC4_1 Pin=R6-1
Added Net: Name=NetC4_1
Added Pin To Net: NetName=NetD5_1 Pin=D5-1
Added Pin To Net: NetName=NetD5_1 Pin=R5-1
Added Net: Name=NetD5_1
Added Pin To Net: NetName=NetF1_1 Pin=F1-1
Added Pin To Net: NetName=NetF1_1 Pin=J1-1
Added Pin To Net: NetName=NetF1_1 Pin=J1-2
Added Net: Name=NetF1_1
Added Pin To Net: NetName=NetF1_2 Pin=F1-2
Added Pin To Net: NetName=NetF1_2 Pin=IC1-2
Added Net: Name=NetF1_2
Added Pin To Net: NetName=NetIC1_1 Pin=IC1-1
Added Pin To Net: NetName=NetIC1_1 Pin=IC1-1
Added Pin To Net: NetName=NetIC1_1 Pin=J2-1
Added Pin To Net: NetName=NetIC1_1 Pin=J2-2
Added Net: Name=NetIC1_1
Added Pin To Net: NetName=NetIC2_1 Pin=IC2-1
Added Pin To Net: NetName=NetIC2_1 Pin=R1-2
Added Net: Name=NetIC2_1
Added Pin To Net: NetName=NetIC2_2 Pin=IC2-2
Added Pin To Net: NetName=NetIC2_2 Pin=R2-1
Added Net: Name=NetIC2_2
